2022-01-26 11:01:56.936  INFO 13800 --- [main] com.study.SpringbootApplication          : Starting SpringbootApplication using Java 1.8.0_301 on ccs-MacBook-Air.local with PID 13800 (/Users/cc/Desktop/myproject/cc/java/springboot/target/classes started by cc in /Users/cc/Desktop/myproject/cc/java/springboot)
2022-01-26 11:01:56.938  INFO 13800 --- [main] com.study.SpringbootApplication          : The following profiles are active: dev
2022-01-26 11:01:58.105  INFO 13800 --- [main] o.s.b.w.embedded.tomcat.TomcatWebServer  : Tomcat initialized with port(s): 9999 (http)
2022-01-26 11:01:58.116  INFO 13800 --- [main] o.apache.catalina.core.StandardService   : Starting service [Tomcat]
2022-01-26 11:01:58.117  INFO 13800 --- [main] org.apache.catalina.core.StandardEngine  : Starting Servlet engine: [Apache Tomcat/9.0.56]
2022-01-26 11:01:58.201  INFO 13800 --- [main] o.a.c.c.C.[Tomcat].[localhost].[/]       : Initializing Spring embedded WebApplicationContext
2022-01-26 11:01:58.202  INFO 13800 --- [main] w.s.c.ServletWebServerApplicationContext : Root WebApplicationContext: initialization completed in 1225 ms
2022-01-26 11:01:58.932  INFO 13800 --- [main] o.s.b.w.embedded.tomcat.TomcatWebServer  : Tomcat started on port(s): 9999 (http) with context path ''
2022-01-26 11:01:58.953  INFO 13800 --- [main] com.study.SpringbootApplication          : Started SpringbootApplication in 2.514 seconds (JVM running for 3.184)
2022-01-26 11:02:03.201  INFO 13800 --- [http-nio-9999-exec-1] o.a.c.c.C.[Tomcat].[localhost].[/]       : Initializing Spring DispatcherServlet 'dispatcherServlet'
2022-01-26 11:02:03.202  INFO 13800 --- [http-nio-9999-exec-1] o.s.web.servlet.DispatcherServlet        : Initializing Servlet 'dispatcherServlet'
2022-01-26 11:02:03.209  INFO 13800 --- [http-nio-9999-exec-1] o.s.web.servlet.DispatcherServlet        : Completed initialization in 7 ms
2022-01-26 11:02:03.336 ERROR 13800 --- [http-nio-9999-exec-1] com.study.controller.MainController      : 访问了index
2022-01-26 11:33:48.214  INFO 14046 --- [main] com.study.SpringbootApplication          : Starting SpringbootApplication using Java 1.8.0_301 on ccs-MacBook-Air.local with PID 14046 (/Users/cc/Desktop/myproject/cc/java/springboot/target/classes started by cc in /Users/cc/Desktop/myproject/cc/java/springboot)
2022-01-26 11:33:48.216  INFO 14046 --- [main] com.study.SpringbootApplication          : The following profiles are active: dev
2022-01-26 11:33:49.203  INFO 14046 --- [main] .s.d.r.c.RepositoryConfigurationDelegate : Multiple Spring Data modules found, entering strict repository configuration mode!
2022-01-26 11:33:49.205  INFO 14046 --- [main] .s.d.r.c.RepositoryConfigurationDelegate : Bootstrapping Spring Data Redis repositories in DEFAULT mode.
2022-01-26 11:33:49.241  INFO 14046 --- [main] .s.d.r.c.RepositoryConfigurationDelegate : Finished Spring Data repository scanning in 25 ms. Found 0 Redis repository interfaces.
2022-01-26 11:33:49.724  INFO 14046 --- [main] o.s.b.w.embedded.tomcat.TomcatWebServer  : Tomcat initialized with port(s): 9999 (http)
2022-01-26 11:33:49.731  INFO 14046 --- [main] o.apache.catalina.core.StandardService   : Starting service [Tomcat]
2022-01-26 11:33:49.732  INFO 14046 --- [main] org.apache.catalina.core.StandardEngine  : Starting Servlet engine: [Apache Tomcat/9.0.56]
2022-01-26 11:33:49.818  INFO 14046 --- [main] o.a.c.c.C.[Tomcat].[localhost].[/]       : Initializing Spring embedded WebApplicationContext
2022-01-26 11:33:49.818  INFO 14046 --- [main] w.s.c.ServletWebServerApplicationContext : Root WebApplicationContext: initialization completed in 1561 ms
2022-01-26 11:33:50.910  INFO 14046 --- [main] o.s.b.w.embedded.tomcat.TomcatWebServer  : Tomcat started on port(s): 9999 (http) with context path ''
2022-01-26 11:33:50.929  INFO 14046 --- [main] com.study.SpringbootApplication          : Started SpringbootApplication in 3.265 seconds (JVM running for 3.981)
2022-01-26 11:33:52.895  INFO 14046 --- [http-nio-9999-exec-1] o.a.c.c.C.[Tomcat].[localhost].[/]       : Initializing Spring DispatcherServlet 'dispatcherServlet'
2022-01-26 11:33:52.896  INFO 14046 --- [http-nio-9999-exec-1] o.s.web.servlet.DispatcherServlet        : Initializing Servlet 'dispatcherServlet'
2022-01-26 11:33:52.899  INFO 14046 --- [http-nio-9999-exec-1] o.s.web.servlet.DispatcherServlet        : Completed initialization in 3 ms
2022-01-26 11:33:53.150 ERROR 14046 --- [http-nio-9999-exec-1] com.study.controller.MainController      : 访问了index
2022-01-26 11:33:58.430 ERROR 14046 --- [http-nio-9999-exec-2] com.study.controller.MainController      : 访问了index
2022-01-26 11:34:58.732  INFO 14069 --- [main] com.study.SpringbootApplication          : Starting SpringbootApplication using Java 1.8.0_301 on ccs-MacBook-Air.local with PID 14069 (/Users/cc/Desktop/myproject/cc/java/springboot/target/classes started by cc in /Users/cc/Desktop/myproject/cc/java/springboot)
2022-01-26 11:34:58.735  INFO 14069 --- [main] com.study.SpringbootApplication          : The following profiles are active: dev
2022-01-26 11:34:59.469  INFO 14069 --- [main] .s.d.r.c.RepositoryConfigurationDelegate : Multiple Spring Data modules found, entering strict repository configuration mode!
2022-01-26 11:34:59.471  INFO 14069 --- [main] .s.d.r.c.RepositoryConfigurationDelegate : Bootstrapping Spring Data Redis repositories in DEFAULT mode.
2022-01-26 11:34:59.513  INFO 14069 --- [main] .s.d.r.c.RepositoryConfigurationDelegate : Finished Spring Data repository scanning in 31 ms. Found 0 Redis repository interfaces.
2022-01-26 11:35:00.146  INFO 14069 --- [main] o.s.b.w.embedded.tomcat.TomcatWebServer  : Tomcat initialized with port(s): 9999 (http)
2022-01-26 11:35:00.154  INFO 14069 --- [main] o.apache.catalina.core.StandardService   : Starting service [Tomcat]
2022-01-26 11:35:00.155  INFO 14069 --- [main] org.apache.catalina.core.StandardEngine  : Starting Servlet engine: [Apache Tomcat/9.0.56]
2022-01-26 11:35:00.211  INFO 14069 --- [main] o.a.c.c.C.[Tomcat].[localhost].[/]       : Initializing Spring embedded WebApplicationContext
2022-01-26 11:35:00.211  INFO 14069 --- [main] w.s.c.ServletWebServerApplicationContext : Root WebApplicationContext: initialization completed in 1440 ms
2022-01-26 11:35:01.101  INFO 14069 --- [main] o.s.b.w.embedded.tomcat.TomcatWebServer  : Tomcat started on port(s): 9999 (http) with context path ''
2022-01-26 11:35:01.120  INFO 14069 --- [main] com.study.SpringbootApplication          : Started SpringbootApplication in 2.901 seconds (JVM running for 3.586)
2022-01-26 11:35:10.767  INFO 14069 --- [http-nio-9999-exec-1] o.a.c.c.C.[Tomcat].[localhost].[/]       : Initializing Spring DispatcherServlet 'dispatcherServlet'
2022-01-26 11:35:10.768  INFO 14069 --- [http-nio-9999-exec-1] o.s.web.servlet.DispatcherServlet        : Initializing Servlet 'dispatcherServlet'
2022-01-26 11:35:10.776  INFO 14069 --- [http-nio-9999-exec-1] o.s.web.servlet.DispatcherServlet        : Completed initialization in 8 ms
2022-01-26 11:35:11.035 ERROR 14069 --- [http-nio-9999-exec-1] com.study.controller.MainController      : 访问了index
2022-01-26 11:43:51.016  INFO 14118 --- [main] com.study.SpringbootApplication          : Starting SpringbootApplication using Java 1.8.0_301 on ccs-MacBook-Air.local with PID 14118 (/Users/cc/Desktop/myproject/cc/java/springboot/target/classes started by cc in /Users/cc/Desktop/myproject/cc/java/springboot)
2022-01-26 11:43:51.019  INFO 14118 --- [main] com.study.SpringbootApplication          : The following profiles are active: dev
2022-01-26 11:43:52.939  INFO 14118 --- [main] .s.d.r.c.RepositoryConfigurationDelegate : Multiple Spring Data modules found, entering strict repository configuration mode!
2022-01-26 11:43:52.945  INFO 14118 --- [main] .s.d.r.c.RepositoryConfigurationDelegate : Bootstrapping Spring Data Redis repositories in DEFAULT mode.
2022-01-26 11:43:52.997  INFO 14118 --- [main] .s.d.r.c.RepositoryConfigurationDelegate : Finished Spring Data repository scanning in 15 ms. Found 0 Redis repository interfaces.
2022-01-26 11:43:53.550  INFO 14118 --- [main] o.s.b.w.embedded.tomcat.TomcatWebServer  : Tomcat initialized with port(s): 9999 (http)
2022-01-26 11:43:53.556  INFO 14118 --- [main] o.apache.catalina.core.StandardService   : Starting service [Tomcat]
2022-01-26 11:43:53.556  INFO 14118 --- [main] org.apache.catalina.core.StandardEngine  : Starting Servlet engine: [Apache Tomcat/9.0.56]
2022-01-26 11:43:53.636  INFO 14118 --- [main] o.a.c.c.C.[Tomcat].[localhost].[/]       : Initializing Spring embedded WebApplicationContext
2022-01-26 11:43:53.638  INFO 14118 --- [main] w.s.c.ServletWebServerApplicationContext : Root WebApplicationContext: initialization completed in 2488 ms
2022-01-26 11:43:55.444  INFO 14118 --- [main] o.s.b.w.embedded.tomcat.TomcatWebServer  : Tomcat started on port(s): 9999 (http) with context path ''
2022-01-26 11:43:55.466  INFO 14118 --- [main] com.study.SpringbootApplication          : Started SpringbootApplication in 5.357 seconds (JVM running for 6.299)
2022-01-26 11:45:25.105  INFO 14118 --- [http-nio-9999-exec-1] o.a.c.c.C.[Tomcat].[localhost].[/]       : Initializing Spring DispatcherServlet 'dispatcherServlet'
2022-01-26 11:45:25.106  INFO 14118 --- [http-nio-9999-exec-1] o.s.web.servlet.DispatcherServlet        : Initializing Servlet 'dispatcherServlet'
2022-01-26 11:45:25.115  INFO 14118 --- [http-nio-9999-exec-1] o.s.web.servlet.DispatcherServlet        : Completed initialization in 8 ms
2022-01-26 11:45:25.468 ERROR 14118 --- [http-nio-9999-exec-1] com.study.controller.MainController      : 访问了index
2022-01-26 17:22:03.388 ERROR 14118 --- [http-nio-9999-exec-7] com.study.controller.MainController      : 访问了index
